<?xml version="1.0" encoding="UTF-8"?>
<!-- Generated by org.testng.reporters.JUnitXMLReporter -->
<testsuite ignored="2" hostname="DESKTOP-4JV5ODS" failures="0" tests="2" name="Test" time="10.782" errors="0" timestamp="2025-09-22T13:40:55 IST">
  <testcase classname="testscripts.LoginTest" name="verifyLoginWithInvalidCredentials" time="1.0"/>
  <testcase classname="testscripts.LoginTest" name="verifyLoginWithValidCredentials" time="0.842"/>
  <testcase classname="testscripts.LoginTest" name="verifyLoginWithInvalidUsernameAndValidPassword" time="0.0">
    <ignored/>
  </testcase> <!-- verifyLoginWithInvalidUsernameAndValidPassword -->
  <testcase classname="testscripts.LoginTest" name="verifyLoginWithValidUsernameAndInvalidPassword" time="0.0">
    <ignored/>
  </testcase> <!-- verifyLoginWithValidUsernameAndInvalidPassword -->
</testsuite> <!-- Test -->
