<?xml version="1.0" encoding="UTF-8"?>
<!-- Generated by org.testng.reporters.JUnitXMLReporter -->
<testsuite ignored="1" hostname="DESKTOP-4JV5ODS" failures="0" tests="1" name="Test" time="6.163" errors="0" timestamp="2025-09-22T13:38:47 IST">
  <testcase classname="testscripts.HomeTest" name="verifyUserAbleToLogout" time="1.561"/>
  <testcase classname="testscripts.HomeTest" name="verifyClickOnAdminUsersMoreInfo" time="0.0">
    <ignored/>
  </testcase> <!-- verifyClickOnAdminUsersMoreInfo -->
</testsuite> <!-- Test -->
