<?xml version="1.0" encoding="UTF-8"?>
<!-- Generated by org.testng.reporters.JUnitXMLReporter -->
<testsuite ignored="3" hostname="DESKTOP-4JV5ODS" failures="0" tests="1" name="Test" time="4.173" errors="0" timestamp="2025-09-29T18:14:33 IST">
  <testcase classname="testscripts.LoginTest" name="verifyLoginWithValidCredentials" time="1.481"/>
  <testcase classname="testscripts.LoginTest" name="verifyLoginWithValidUsernameAndInvalidPassword" time="0.0">
    <ignored/>
  </testcase> <!-- verifyLoginWithValidUsernameAndInvalidPassword -->
  <testcase classname="testscripts.LoginTest" name="verifyLoginWithInvalidCredentials" time="0.0">
    <ignored/>
  </testcase> <!-- verifyLoginWithInvalidCredentials -->
  <testcase classname="testscripts.LoginTest" name="verifyLoginWithInvalidUsernameAndValidPassword" time="0.0">
    <ignored/>
  </testcase> <!-- verifyLoginWithInvalidUsernameAndValidPassword -->
</testsuite> <!-- Test -->
