<?xml version="1.0" encoding="UTF-8"?>
<testng-results ignored="0" total="2" passed="2" failed="0" skipped="0">
  <reporter-output>
  </reporter-output>
  <suite started-at="2025-09-18T12:22:44 IST" name="Suite" finished-at="2025-09-18T12:22:54 IST" duration-ms="9577">
    <groups>
    </groups>
    <test started-at="2025-09-18T12:22:44 IST" name="Test" finished-at="2025-09-18T12:22:54 IST" duration-ms="9577">
      <class name="testscripts.HomeTest">
        <test-method is-config="true" signature="initialiseBrowser()[pri:0, instance:testscripts.HomeTest@461ad730]" started-at="2025-09-18T12:22:44 IST" name="initialiseBrowser" finished-at="2025-09-18T12:22:49 IST" duration-ms="4489" status="PASS">
          <reporter-output>
          </reporter-output>
        </test-method> <!-- initialiseBrowser -->
        <test-method signature="verifyClickOnAdminUsersMoreInfo()[pri:0, instance:testscripts.HomeTest@461ad730]" started-at="2025-09-18T12:22:49 IST" name="verifyClickOnAdminUsersMoreInfo" finished-at="2025-09-18T12:22:50 IST" duration-ms="1844" status="PASS">
          <reporter-output>
          </reporter-output>
        </test-method> <!-- verifyClickOnAdminUsersMoreInfo -->
        <test-method is-config="true" signature="driverQuit(org.testng.ITestResult)[pri:0, instance:testscripts.HomeTest@461ad730]" started-at="2025-09-18T12:22:50 IST" name="driverQuit" finished-at="2025-09-18T12:22:50 IST" duration-ms="5" status="PASS">
          <params>
            <param index="0">
              <value>
                <![CDATA[[TestResult name=verifyClickOnAdminUsersMoreInfo status=SUCCESS method=HomeTest.verifyClickOnAdminUsersMoreInfo()[pri:0, instance:testscripts.HomeTest@461ad730] output={null}]]]>
              </value>
            </param>
          </params>
          <reporter-output>
          </reporter-output>
        </test-method> <!-- driverQuit -->
        <test-method is-config="true" signature="initialiseBrowser()[pri:0, instance:testscripts.HomeTest@461ad730]" started-at="2025-09-18T12:22:50 IST" name="initialiseBrowser" finished-at="2025-09-18T12:22:52 IST" duration-ms="1869" status="PASS">
          <reporter-output>
          </reporter-output>
        </test-method> <!-- initialiseBrowser -->
        <test-method signature="verifyLogout()[pri:0, instance:testscripts.HomeTest@461ad730]" started-at="2025-09-18T12:22:52 IST" name="verifyLogout" finished-at="2025-09-18T12:22:54 IST" duration-ms="1313" status="PASS">
          <reporter-output>
          </reporter-output>
        </test-method> <!-- verifyLogout -->
        <test-method is-config="true" signature="driverQuit(org.testng.ITestResult)[pri:0, instance:testscripts.HomeTest@461ad730]" started-at="2025-09-18T12:22:54 IST" name="driverQuit" finished-at="2025-09-18T12:22:54 IST" duration-ms="1" status="PASS">
          <params>
            <param index="0">
              <value>
                <![CDATA[[TestResult name=verifyLogout status=SUCCESS method=HomeTest.verifyLogout()[pri:0, instance:testscripts.HomeTest@461ad730] output={null}]]]>
              </value>
            </param>
          </params>
          <reporter-output>
          </reporter-output>
        </test-method> <!-- driverQuit -->
      </class> <!-- testscripts.HomeTest -->
    </test> <!-- Test -->
  </suite> <!-- Suite -->
</testng-results>
