<?xml version="1.0" encoding="UTF-8"?>
<testng-results ignored="0" total="1" passed="1" failed="0" skipped="0">
  <reporter-output>
  </reporter-output>
  <suite started-at="2025-09-29T18:14:29 IST" name="Suite" finished-at="2025-09-29T18:14:33 IST" duration-ms="4173">
    <groups>
      <group name="smoke">
        <method signature="LoginTest.verifyLoginWithValidCredentials()[pri:1, instance:testscripts.LoginTest@36804139]" name="verifyLoginWithValidCredentials" class="testscripts.LoginTest"/>
      </group> <!-- smoke -->
    </groups>
    <test started-at="2025-09-29T18:14:29 IST" name="Test" finished-at="2025-09-29T18:14:33 IST" duration-ms="4173">
      <class name="testscripts.LoginTest">
        <test-method is-config="true" signature="initialiseBrowser(java.lang.String)[pri:0, instance:testscripts.LoginTest@36804139]" started-at="2025-09-29T18:14:29 IST" name="initialiseBrowser" finished-at="2025-09-29T18:14:31 IST" duration-ms="2630" status="PASS">
          <params>
            <param index="0">
              <value>
                <![CDATA[Chrome]]>
              </value>
            </param>
          </params>
          <reporter-output>
          </reporter-output>
        </test-method> <!-- initialiseBrowser -->
        <test-method signature="verifyLoginWithValidCredentials()[pri:1, instance:testscripts.LoginTest@36804139]" started-at="2025-09-29T18:14:31 IST" name="verifyLoginWithValidCredentials" description="User login using valid username and valid password" finished-at="2025-09-29T18:14:33 IST" duration-ms="1481" status="PASS">
          <reporter-output>
          </reporter-output>
        </test-method> <!-- verifyLoginWithValidCredentials -->
        <test-method is-config="true" signature="driverQuit(org.testng.ITestResult)[pri:0, instance:testscripts.LoginTest@36804139]" started-at="2025-09-29T18:14:33 IST" name="driverQuit" finished-at="2025-09-29T18:14:33 IST" duration-ms="2" status="PASS">
          <params>
            <param index="0">
              <value>
                <![CDATA[[TestResult name=verifyLoginWithValidCredentials status=SUCCESS method=LoginTest.verifyLoginWithValidCredentials()[pri:1, instance:testscripts.LoginTest@36804139] output={null}]]]>
              </value>
            </param>
          </params>
          <reporter-output>
          </reporter-output>
        </test-method> <!-- driverQuit -->
      </class> <!-- testscripts.LoginTest -->
    </test> <!-- Test -->
  </suite> <!-- Suite -->
</testng-results>
