<?xml version="1.0" encoding="UTF-8"?>
<!-- Generated by org.testng.reporters.JUnitXMLReporter -->
<testsuite ignored="3" hostname="DESKTOP-4JV5ODS" failures="0" tests="1" name="Default test" time="3.683" errors="0" timestamp="2025-09-11T15:33:35 IST">
  <testcase classname="testscripts.LoginTest" name="verifyLoginWithInvalidCredentials" time="1.054"/>
  <testcase classname="testscripts.LoginTest" name="verifyLoginWithValidCredentials" time="0.0">
    <ignored/>
  </testcase> <!-- verifyLoginWithValidCredentials -->
  <testcase classname="testscripts.LoginTest" name="verifyLoginWithInvalidUsernameAndValidPassword" time="0.0">
    <ignored/>
  </testcase> <!-- verifyLoginWithInvalidUsernameAndValidPassword -->
  <testcase classname="testscripts.LoginTest" name="verifyLoginWithValidUsernameAndInvalidPassword" time="0.0">
    <ignored/>
  </testcase> <!-- verifyLoginWithValidUsernameAndInvalidPassword -->
</testsuite> <!-- Default test -->
