<?xml version="1.0" encoding="UTF-8"?>
<!-- Generated by org.testng.reporters.JUnitXMLReporter -->
<testsuite ignored="2" hostname="DESKTOP-4JV5ODS" failures="0" tests="1" name="Default test" time="6.581" errors="0" timestamp="2025-09-18T11:01:57 IST">
  <testcase classname="testscripts.ManageNewsTest" name="verifyUserAbleToResetNews" time="2.575"/>
  <testcase classname="testscripts.ManageNewsTest" name="verifyUserAbleToAddNews" time="0.0">
    <ignored/>
  </testcase> <!-- verifyUserAbleToAddNews -->
  <testcase classname="testscripts.ManageNewsTest" name="verifyUserAbleToSearchNews" time="0.0">
    <ignored/>
  </testcase> <!-- verifyUserAbleToSearchNews -->
</testsuite> <!-- Default test -->
