<?xml version="1.0" encoding="UTF-8"?>
<!-- Generated by org.testng.reporters.JUnitXMLReporter -->
<testsuite ignored="1" hostname="DESKTOP-4JV5ODS" failures="0" tests="1" name="EdgeTest" time="5.623" errors="0" timestamp="2025-09-23T21:41:10 IST">
  <testcase classname="testscripts.HomeTest" name="verifyUserAbleToLogout" time="2.435"/>
  <testcase classname="testscripts.HomeTest" name="verifyClickOnAdminUsersMoreInfo" time="0.0">
    <ignored/>
  </testcase> <!-- verifyClickOnAdminUsersMoreInfo -->
</testsuite> <!-- EdgeTest -->
